2026-05-28 16:02:33 [main] DEBUG o.s.web.client.RestTemplate - HTTP GET http://localhost:8200/v1/sys/internal/ui/mounts/secret/lilfac
2026-05-28 16:02:33 [main] DEBUG o.s.web.client.RestTemplate - Accept=[application/json, application/*+json]
2026-05-28 16:02:33 [main] DEBUG o.s.web.client.RestTemplate - HTTP GET http://localhost:8200/v1/auth/token/lookup-self
2026-05-28 16:02:33 [main] DEBUG o.s.web.client.RestTemplate - Accept=[application/json, application/*+json]
2026-05-28 16:02:33 [main] DEBUG o.s.web.client.RestTemplate - Response 200 OK
2026-05-28 16:02:33 [main] DEBUG o.s.web.client.RestTemplate - Reading to [org.springframework.vault.support.VaultResponse]
2026-05-28 16:02:34 [main] DEBUG o.s.web.client.RestTemplate - Response 200 OK
2026-05-28 16:02:34 [main] DEBUG o.s.web.client.RestTemplate - Reading to [org.springframework.vault.support.VaultResponse]
2026-05-28 16:02:34 [main] DEBUG o.s.web.client.RestTemplate - HTTP GET http://localhost:8200/v1/secret/data/lilfac
2026-05-28 16:02:34 [main] DEBUG o.s.web.client.RestTemplate - Accept=[application/json, application/*+json]
2026-05-28 16:02:34 [main] DEBUG o.s.web.client.RestTemplate - Response 200 OK
2026-05-28 16:02:34 [main] DEBUG o.s.web.client.RestTemplate - Reading to [org.springframework.vault.support.VaultResponse]
2026-05-28 16:02:34 [main] INFO  o.s.c.b.c.PropertySourceBootstrapConfiguration - Located property source: [BootstrapPropertySource {name='bootstrapProperties-secret/lilfac'}]
2026-05-28 16:02:34 [main] INFO  o.s.c.c.c.ConfigServicePropertySourceLocator - Fetching config from server at : http://localhost:8888
2026-05-28 16:02:34 [main] DEBUG o.s.web.client.RestTemplate - HTTP GET http://localhost:8888/lilfac/default
2026-05-28 16:02:34 [main] DEBUG o.s.web.client.RestTemplate - Accept=[application/xml, text/xml, application/json, application/*+xml, application/*+json]
2026-05-28 16:02:38 [main] DEBUG o.s.web.client.RestTemplate - Response 200 OK
2026-05-28 16:02:38 [main] DEBUG o.s.web.client.RestTemplate - Reading to [org.springframework.cloud.config.environment.Environment]
2026-05-28 16:02:38 [main] INFO  o.s.c.c.c.ConfigServicePropertySourceLocator - Located environment: name=lilfac, profiles=[default], label=null, version=09e680fcd74295cb83b467bb15e23b2c00bd03bf, state=
2026-05-28 16:02:38 [main] INFO  o.s.c.b.c.PropertySourceBootstrapConfiguration - Located property source: [BootstrapPropertySource {name='bootstrapProperties-configClient'}, BootstrapPropertySource {name='bootstrapProperties-https://github.com/jorttp/lilfac-config/lilfac.yml'}]
2026-05-28 16:02:38 [main] INFO  c.e.u.l.i.LilfacApplication - No active profile set, falling back to 1 default profile: "default"
2026-05-28 16:02:39 [main] INFO  o.s.d.r.c.RepositoryConfigurationDelegate - Bootstrapping Spring Data JPA repositories in DEFAULT mode.
2026-05-28 16:02:39 [main] INFO  o.s.d.r.c.RepositoryConfigurationDelegate - Finished Spring Data repository scanning in 43 ms. Found 2 JPA repository interfaces.
2026-05-28 16:02:39 [main] INFO  o.s.cloud.context.scope.GenericScope - BeanFactory id=b590389b-e999-3bef-90b2-dd3f94a7dead
2026-05-28 16:02:40 [main] INFO  o.s.b.w.e.tomcat.TomcatWebServer - Tomcat initialized with port 8081 (http)
2026-05-28 16:02:40 [main] INFO  o.a.catalina.core.StandardService - Starting service [Tomcat]
2026-05-28 16:02:40 [main] INFO  o.a.catalina.core.StandardEngine - Starting Servlet engine: [Apache Tomcat/10.1.31]
2026-05-28 16:02:40 [main] INFO  o.a.c.c.C.[Tomcat].[localhost].[/] - Initializing Spring embedded WebApplicationContext
2026-05-28 16:02:40 [main] INFO  o.s.b.w.s.c.ServletWebServerApplicationContext - Root WebApplicationContext: initialization completed in 2428 ms
2026-05-28 16:02:40 [main] INFO  o.h.jpa.internal.util.LogHelper - HHH000204: Processing PersistenceUnitInfo [name: default]
2026-05-28 16:02:40 [main] INFO  org.hibernate.Version - HHH000412: Hibernate ORM core version 6.5.3.Final
2026-05-28 16:02:41 [main] INFO  o.h.c.i.RegionFactoryInitiator - HHH000026: Second-level cache disabled
2026-05-28 16:02:41 [main] INFO  o.s.o.j.p.SpringPersistenceUnitInfo - No LoadTimeWeaver setup: ignoring JPA class transformer
2026-05-28 16:02:41 [main] INFO  com.zaxxer.hikari.HikariDataSource - HikariPool-1 - Starting...
2026-05-28 16:02:41 [main] INFO  com.zaxxer.hikari.pool.HikariPool - HikariPool-1 - Added connection org.postgresql.jdbc.PgConnection@57ed8f95
2026-05-28 16:02:41 [main] INFO  com.zaxxer.hikari.HikariDataSource - HikariPool-1 - Start completed.
2026-05-28 16:02:42 [main] INFO  o.h.e.t.j.p.i.JtaPlatformInitiator - HHH000489: No JTA platform available (set 'hibernate.transaction.jta.platform' to enable JTA platform integration)
2026-05-28 16:02:42 [main] INFO  o.s.o.j.LocalContainerEntityManagerFactoryBean - Initialized JPA EntityManagerFactory for persistence unit 'default'
2026-05-28 16:02:43 [main] DEBUG o.s.s.c.a.a.c.AuthenticationConfiguration$DefaultPasswordEncoderAuthenticationManagerBuilder - No authenticationProviders and no parentAuthenticationManager defined. Returning null.
2026-05-28 16:02:44 [main] INFO  o.s.b.a.e.web.EndpointLinksResolver - Exposing 6 endpoints beneath base path '/actuator'
2026-05-28 16:02:44 [main] DEBUG o.s.s.web.DefaultSecurityFilterChain - Will secure any request with filters: DisableEncodeUrlFilter, WebAsyncManagerIntegrationFilter, SecurityContextHolderFilter, HeaderWriterFilter, CorsFilter, LogoutFilter, BearerTokenAuthenticationFilter, RequestCacheAwareFilter, SecurityContextHolderAwareRequestFilter, AnonymousAuthenticationFilter, SessionManagementFilter, ExceptionTranslationFilter, AuthorizationFilter
2026-05-28 16:02:44 [main] INFO  o.s.b.w.e.tomcat.TomcatWebServer - Tomcat started on port 8081 (http) with context path '/'
2026-05-28 16:02:44 [main] INFO  c.e.u.l.i.LilfacApplication - Started LilfacApplication in 13.13 seconds (process running for 14.466)
2026-05-28 16:02:45 [RMI TCP Connection(4)-127.0.0.1] INFO  o.a.c.c.C.[Tomcat].[localhost].[/] - Initializing Spring DispatcherServlet 'dispatcherServlet'
2026-05-28 16:02:45 [RMI TCP Connection(4)-127.0.0.1] INFO  o.s.web.servlet.DispatcherServlet - Initializing Servlet 'dispatcherServlet'
2026-05-28 16:02:45 [RMI TCP Connection(4)-127.0.0.1] INFO  o.s.web.servlet.DispatcherServlet - Completed initialization in 2 ms
2026-05-28 16:02:56 [http-nio-8081-exec-1] DEBUG o.s.security.web.FilterChainProxy - Securing GET /actuator/prometheus
2026-05-28 16:02:56 [http-nio-8081-exec-1] DEBUG o.s.s.w.a.AnonymousAuthenticationFilter - Set SecurityContextHolder to anonymous SecurityContext
2026-05-28 16:02:56 [http-nio-8081-exec-1] DEBUG o.s.security.web.FilterChainProxy - Secured GET /actuator/prometheus
2026-05-28 16:03:10 [http-nio-8081-exec-6] DEBUG o.s.security.web.FilterChainProxy - Securing GET /actuator/prometheus
2026-05-28 16:03:10 [http-nio-8081-exec-6] DEBUG o.s.s.w.a.AnonymousAuthenticationFilter - Set SecurityContextHolder to anonymous SecurityContext
2026-05-28 16:03:10 [http-nio-8081-exec-6] DEBUG o.s.security.web.FilterChainProxy - Secured GET /actuator/prometheus
2026-05-28 16:03:26 [http-nio-8081-exec-4] DEBUG o.s.security.web.FilterChainProxy - Securing GET /actuator/prometheus
2026-05-28 16:03:26 [http-nio-8081-exec-4] DEBUG o.s.s.w.a.AnonymousAuthenticationFilter - Set SecurityContextHolder to anonymous SecurityContext
2026-05-28 16:03:26 [http-nio-8081-exec-4] DEBUG o.s.security.web.FilterChainProxy - Secured GET /actuator/prometheus
2026-05-28 16:03:38 [http-nio-8081-exec-7] DEBUG o.s.security.web.FilterChainProxy - Securing OPTIONS /api/v1/workers
2026-05-28 16:03:39 [http-nio-8081-exec-5] DEBUG o.s.security.web.FilterChainProxy - Securing OPTIONS /api/v1/workers
2026-05-28 16:03:39 [http-nio-8081-exec-3] DEBUG o.s.security.web.FilterChainProxy - Securing GET /api/v1/workers
2026-05-28 16:03:39 [http-nio-8081-exec-3] DEBUG o.s.web.client.RestTemplate - HTTP GET http://localhost:8090/realms/lilfac/protocol/openid-connect/certs
2026-05-28 16:03:39 [http-nio-8081-exec-3] DEBUG o.s.web.client.RestTemplate - Accept=[text/plain, application/xml, text/xml, application/json, application/*+xml, application/*+json, */*]
2026-05-28 16:03:40 [http-nio-8081-exec-2] DEBUG o.s.security.web.FilterChainProxy - Securing GET /actuator/prometheus
2026-05-28 16:03:40 [http-nio-8081-exec-2] DEBUG o.s.s.w.a.AnonymousAuthenticationFilter - Set SecurityContextHolder to anonymous SecurityContext
2026-05-28 16:03:40 [http-nio-8081-exec-2] DEBUG o.s.security.web.FilterChainProxy - Secured GET /actuator/prometheus
2026-05-28 16:03:48 [http-nio-8081-exec-3] DEBUG o.s.web.client.RestTemplate - Response 200 OK
2026-05-28 16:03:48 [http-nio-8081-exec-3] DEBUG o.s.web.client.RestTemplate - Reading to [java.lang.String] as "application/json;charset=UTF-8"
2026-05-28 16:03:48 [http-nio-8081-exec-3] DEBUG o.s.s.o.jwt.JwtTimestampValidator - Jwt expired at 2026-05-28T02:10:38Z
2026-05-28 16:03:48 [http-nio-8081-exec-3] DEBUG o.s.s.o.s.r.a.JwtAuthenticationProvider - Failed to authenticate since the JWT was invalid
2026-05-28 16:03:48 [http-nio-8081-exec-9] DEBUG o.s.security.web.FilterChainProxy - Securing GET /api/v1/workers
2026-05-28 16:03:48 [http-nio-8081-exec-9] DEBUG o.s.s.o.jwt.JwtTimestampValidator - Jwt expired at 2026-05-28T02:10:38Z
2026-05-28 16:03:48 [http-nio-8081-exec-9] DEBUG o.s.s.o.s.r.a.JwtAuthenticationProvider - Failed to authenticate since the JWT was invalid
2026-05-28 16:03:55 [http-nio-8081-exec-8] DEBUG o.s.security.web.FilterChainProxy - Securing GET /actuator/prometheus
2026-05-28 16:03:55 [http-nio-8081-exec-8] DEBUG o.s.s.w.a.AnonymousAuthenticationFilter - Set SecurityContextHolder to anonymous SecurityContext
2026-05-28 16:03:55 [http-nio-8081-exec-8] DEBUG o.s.security.web.FilterChainProxy - Secured GET /actuator/prometheus
2026-05-28 16:03:56 [http-nio-8081-exec-10] DEBUG o.s.security.web.FilterChainProxy - Securing OPTIONS /api/v1/workers
2026-05-28 16:03:56 [http-nio-8081-exec-1] DEBUG o.s.security.web.FilterChainProxy - Securing OPTIONS /api/v1/workers
2026-05-28 16:03:56 [http-nio-8081-exec-6] DEBUG o.s.security.web.FilterChainProxy - Securing GET /api/v1/workers
2026-05-28 16:03:56 [http-nio-8081-exec-6] DEBUG o.s.s.o.s.r.a.JwtAuthenticationProvider - Authenticated token
2026-05-28 16:03:56 [http-nio-8081-exec-6] DEBUG o.s.s.o.s.r.w.a.BearerTokenAuthenticationFilter - Set SecurityContextHolder to JwtAuthenticationToken [Principal=org.springframework.security.oauth2.jwt.Jwt@86b117ec, Credentials=[PROTECTED], Authenticated=true, Details=WebAuthenticationDetails [RemoteIpAddress=0:0:0:0:0:0:0:1, SessionId=null], Granted Authorities=[ROLE_default-roles-lilfac, ROLE_offline_access, ROLE_ADMIN, ROLE_uma_authorization]]
2026-05-28 16:03:56 [http-nio-8081-exec-6] DEBUG o.s.security.web.FilterChainProxy - Secured GET /api/v1/workers
2026-05-28 16:03:58 [http-nio-8081-exec-4] DEBUG o.s.security.web.FilterChainProxy - Securing GET /api/v1/workers
2026-05-28 16:03:58 [http-nio-8081-exec-4] DEBUG o.s.s.o.s.r.a.JwtAuthenticationProvider - Authenticated token
2026-05-28 16:03:58 [http-nio-8081-exec-4] DEBUG o.s.s.o.s.r.w.a.BearerTokenAuthenticationFilter - Set SecurityContextHolder to JwtAuthenticationToken [Principal=org.springframework.security.oauth2.jwt.Jwt@86b117ec, Credentials=[PROTECTED], Authenticated=true, Details=WebAuthenticationDetails [RemoteIpAddress=0:0:0:0:0:0:0:1, SessionId=null], Granted Authorities=[ROLE_default-roles-lilfac, ROLE_offline_access, ROLE_ADMIN, ROLE_uma_authorization]]
2026-05-28 16:03:58 [http-nio-8081-exec-4] DEBUG o.s.security.web.FilterChainProxy - Secured GET /api/v1/workers
2026-05-28 16:04:10 [http-nio-8081-exec-7] DEBUG o.s.security.web.FilterChainProxy - Securing GET /actuator/prometheus
2026-05-28 16:04:10 [http-nio-8081-exec-7] DEBUG o.s.s.w.a.AnonymousAuthenticationFilter - Set SecurityContextHolder to anonymous SecurityContext
2026-05-28 16:04:10 [http-nio-8081-exec-7] DEBUG o.s.security.web.FilterChainProxy - Secured GET /actuator/prometheus
2026-05-28 16:04:25 [http-nio-8081-exec-5] DEBUG o.s.security.web.FilterChainProxy - Securing GET /actuator/prometheus
2026-05-28 16:04:25 [http-nio-8081-exec-5] DEBUG o.s.s.w.a.AnonymousAuthenticationFilter - Set SecurityContextHolder to anonymous SecurityContext
2026-05-28 16:04:25 [http-nio-8081-exec-5] DEBUG o.s.security.web.FilterChainProxy - Secured GET /actuator/prometheus
2026-05-28 16:04:40 [http-nio-8081-exec-2] DEBUG o.s.security.web.FilterChainProxy - Securing GET /actuator/prometheus
2026-05-28 16:04:40 [http-nio-8081-exec-2] DEBUG o.s.s.w.a.AnonymousAuthenticationFilter - Set SecurityContextHolder to anonymous SecurityContext
2026-05-28 16:04:40 [http-nio-8081-exec-2] DEBUG o.s.security.web.FilterChainProxy - Secured GET /actuator/prometheus
2026-05-28 16:04:55 [http-nio-8081-exec-3] DEBUG o.s.security.web.FilterChainProxy - Securing GET /actuator/prometheus
2026-05-28 16:04:55 [http-nio-8081-exec-3] DEBUG o.s.s.w.a.AnonymousAuthenticationFilter - Set SecurityContextHolder to anonymous SecurityContext
2026-05-28 16:04:55 [http-nio-8081-exec-3] DEBUG o.s.security.web.FilterChainProxy - Secured GET /actuator/prometheus
2026-05-28 16:05:10 [http-nio-8081-exec-1] DEBUG o.s.security.web.FilterChainProxy - Securing GET /actuator/prometheus
2026-05-28 16:05:10 [http-nio-8081-exec-1] DEBUG o.s.s.w.a.AnonymousAuthenticationFilter - Set SecurityContextHolder to anonymous SecurityContext
2026-05-28 16:05:10 [http-nio-8081-exec-1] DEBUG o.s.security.web.FilterChainProxy - Secured GET /actuator/prometheus
2026-05-28 16:05:25 [http-nio-8081-exec-10] DEBUG o.s.security.web.FilterChainProxy - Securing GET /actuator/prometheus
2026-05-28 16:05:25 [http-nio-8081-exec-10] DEBUG o.s.s.w.a.AnonymousAuthenticationFilter - Set SecurityContextHolder to anonymous SecurityContext
2026-05-28 16:05:25 [http-nio-8081-exec-10] DEBUG o.s.security.web.FilterChainProxy - Secured GET /actuator/prometheus
2026-05-28 16:05:40 [http-nio-8081-exec-6] DEBUG o.s.security.web.FilterChainProxy - Securing GET /actuator/prometheus
2026-05-28 16:05:40 [http-nio-8081-exec-6] DEBUG o.s.s.w.a.AnonymousAuthenticationFilter - Set SecurityContextHolder to anonymous SecurityContext
2026-05-28 16:05:40 [http-nio-8081-exec-6] DEBUG o.s.security.web.FilterChainProxy - Secured GET /actuator/prometheus
2026-05-28 16:05:56 [http-nio-8081-exec-4] DEBUG o.s.security.web.FilterChainProxy - Securing GET /actuator/prometheus
2026-05-28 16:05:56 [http-nio-8081-exec-4] DEBUG o.s.s.w.a.AnonymousAuthenticationFilter - Set SecurityContextHolder to anonymous SecurityContext
2026-05-28 16:05:56 [http-nio-8081-exec-4] DEBUG o.s.security.web.FilterChainProxy - Secured GET /actuator/prometheus
2026-05-28 16:06:10 [http-nio-8081-exec-7] DEBUG o.s.security.web.FilterChainProxy - Securing GET /actuator/prometheus
2026-05-28 16:06:10 [http-nio-8081-exec-7] DEBUG o.s.s.w.a.AnonymousAuthenticationFilter - Set SecurityContextHolder to anonymous SecurityContext
2026-05-28 16:06:10 [http-nio-8081-exec-7] DEBUG o.s.security.web.FilterChainProxy - Secured GET /actuator/prometheus
2026-05-28 16:06:25 [http-nio-8081-exec-5] DEBUG o.s.security.web.FilterChainProxy - Securing GET /actuator/prometheus
2026-05-28 16:06:25 [http-nio-8081-exec-5] DEBUG o.s.s.w.a.AnonymousAuthenticationFilter - Set SecurityContextHolder to anonymous SecurityContext
2026-05-28 16:06:25 [http-nio-8081-exec-5] DEBUG o.s.security.web.FilterChainProxy - Secured GET /actuator/prometheus
2026-05-28 16:06:40 [http-nio-8081-exec-2] DEBUG o.s.security.web.FilterChainProxy - Securing GET /actuator/prometheus
2026-05-28 16:06:40 [http-nio-8081-exec-2] DEBUG o.s.s.w.a.AnonymousAuthenticationFilter - Set SecurityContextHolder to anonymous SecurityContext
2026-05-28 16:06:40 [http-nio-8081-exec-2] DEBUG o.s.security.web.FilterChainProxy - Secured GET /actuator/prometheus
2026-05-28 16:06:55 [http-nio-8081-exec-3] DEBUG o.s.security.web.FilterChainProxy - Securing GET /actuator/prometheus
2026-05-28 16:06:55 [http-nio-8081-exec-3] DEBUG o.s.s.w.a.AnonymousAuthenticationFilter - Set SecurityContextHolder to anonymous SecurityContext
2026-05-28 16:06:55 [http-nio-8081-exec-3] DEBUG o.s.security.web.FilterChainProxy - Secured GET /actuator/prometheus
2026-05-28 16:07:10 [http-nio-8081-exec-9] DEBUG o.s.security.web.FilterChainProxy - Securing GET /actuator/prometheus
2026-05-28 16:07:10 [http-nio-8081-exec-9] DEBUG o.s.s.w.a.AnonymousAuthenticationFilter - Set SecurityContextHolder to anonymous SecurityContext
2026-05-28 16:07:10 [http-nio-8081-exec-9] DEBUG o.s.security.web.FilterChainProxy - Secured GET /actuator/prometheus
2026-05-28 16:07:25 [http-nio-8081-exec-8] DEBUG o.s.security.web.FilterChainProxy - Securing GET /actuator/prometheus
2026-05-28 16:07:25 [http-nio-8081-exec-8] DEBUG o.s.s.w.a.AnonymousAuthenticationFilter - Set SecurityContextHolder to anonymous SecurityContext
2026-05-28 16:07:25 [http-nio-8081-exec-8] DEBUG o.s.security.web.FilterChainProxy - Secured GET /actuator/prometheus
2026-05-28 16:07:40 [http-nio-8081-exec-1] DEBUG o.s.security.web.FilterChainProxy - Securing GET /actuator/prometheus
2026-05-28 16:07:40 [http-nio-8081-exec-1] DEBUG o.s.s.w.a.AnonymousAuthenticationFilter - Set SecurityContextHolder to anonymous SecurityContext
2026-05-28 16:07:40 [http-nio-8081-exec-1] DEBUG o.s.security.web.FilterChainProxy - Secured GET /actuator/prometheus
2026-05-28 16:07:55 [http-nio-8081-exec-10] DEBUG o.s.security.web.FilterChainProxy - Securing GET /actuator/prometheus
2026-05-28 16:07:55 [http-nio-8081-exec-10] DEBUG o.s.s.w.a.AnonymousAuthenticationFilter - Set SecurityContextHolder to anonymous SecurityContext
2026-05-28 16:07:55 [http-nio-8081-exec-10] DEBUG o.s.security.web.FilterChainProxy - Secured GET /actuator/prometheus
2026-05-28 16:08:10 [http-nio-8081-exec-6] DEBUG o.s.security.web.FilterChainProxy - Securing GET /actuator/prometheus
2026-05-28 16:08:10 [http-nio-8081-exec-6] DEBUG o.s.s.w.a.AnonymousAuthenticationFilter - Set SecurityContextHolder to anonymous SecurityContext
2026-05-28 16:08:10 [http-nio-8081-exec-6] DEBUG o.s.security.web.FilterChainProxy - Secured GET /actuator/prometheus
2026-05-28 16:08:25 [http-nio-8081-exec-4] DEBUG o.s.security.web.FilterChainProxy - Securing GET /actuator/prometheus
2026-05-28 16:08:25 [http-nio-8081-exec-4] DEBUG o.s.s.w.a.AnonymousAuthenticationFilter - Set SecurityContextHolder to anonymous SecurityContext
2026-05-28 16:08:25 [http-nio-8081-exec-4] DEBUG o.s.security.web.FilterChainProxy - Secured GET /actuator/prometheus
2026-05-28 16:08:40 [http-nio-8081-exec-7] DEBUG o.s.security.web.FilterChainProxy - Securing GET /actuator/prometheus
2026-05-28 16:08:40 [http-nio-8081-exec-7] DEBUG o.s.s.w.a.AnonymousAuthenticationFilter - Set SecurityContextHolder to anonymous SecurityContext
2026-05-28 16:08:40 [http-nio-8081-exec-7] DEBUG o.s.security.web.FilterChainProxy - Secured GET /actuator/prometheus
2026-05-28 16:08:55 [http-nio-8081-exec-5] DEBUG o.s.security.web.FilterChainProxy - Securing GET /actuator/prometheus
2026-05-28 16:08:55 [http-nio-8081-exec-5] DEBUG o.s.s.w.a.AnonymousAuthenticationFilter - Set SecurityContextHolder to anonymous SecurityContext
2026-05-28 16:08:55 [http-nio-8081-exec-5] DEBUG o.s.security.web.FilterChainProxy - Secured GET /actuator/prometheus
2026-05-28 16:09:10 [http-nio-8081-exec-2] DEBUG o.s.security.web.FilterChainProxy - Securing GET /actuator/prometheus
2026-05-28 16:09:10 [http-nio-8081-exec-2] DEBUG o.s.s.w.a.AnonymousAuthenticationFilter - Set SecurityContextHolder to anonymous SecurityContext
2026-05-28 16:09:10 [http-nio-8081-exec-2] DEBUG o.s.security.web.FilterChainProxy - Secured GET /actuator/prometheus
2026-05-28 16:09:25 [http-nio-8081-exec-3] DEBUG o.s.security.web.FilterChainProxy - Securing GET /actuator/prometheus
2026-05-28 16:09:25 [http-nio-8081-exec-3] DEBUG o.s.s.w.a.AnonymousAuthenticationFilter - Set SecurityContextHolder to anonymous SecurityContext
2026-05-28 16:09:25 [http-nio-8081-exec-3] DEBUG o.s.security.web.FilterChainProxy - Secured GET /actuator/prometheus
2026-05-28 16:09:40 [http-nio-8081-exec-9] DEBUG o.s.security.web.FilterChainProxy - Securing GET /actuator/prometheus
2026-05-28 16:09:40 [http-nio-8081-exec-9] DEBUG o.s.s.w.a.AnonymousAuthenticationFilter - Set SecurityContextHolder to anonymous SecurityContext
2026-05-28 16:09:40 [http-nio-8081-exec-9] DEBUG o.s.security.web.FilterChainProxy - Secured GET /actuator/prometheus
2026-05-28 16:09:55 [http-nio-8081-exec-8] DEBUG o.s.security.web.FilterChainProxy - Securing GET /actuator/prometheus
2026-05-28 16:09:55 [http-nio-8081-exec-8] DEBUG o.s.s.w.a.AnonymousAuthenticationFilter - Set SecurityContextHolder to anonymous SecurityContext
2026-05-28 16:09:55 [http-nio-8081-exec-8] DEBUG o.s.security.web.FilterChainProxy - Secured GET /actuator/prometheus
2026-05-28 16:10:10 [http-nio-8081-exec-1] DEBUG o.s.security.web.FilterChainProxy - Securing GET /actuator/prometheus
2026-05-28 16:10:10 [http-nio-8081-exec-1] DEBUG o.s.s.w.a.AnonymousAuthenticationFilter - Set SecurityContextHolder to anonymous SecurityContext
2026-05-28 16:10:10 [http-nio-8081-exec-1] DEBUG o.s.security.web.FilterChainProxy - Secured GET /actuator/prometheus
2026-05-28 16:10:25 [http-nio-8081-exec-10] DEBUG o.s.security.web.FilterChainProxy - Securing GET /actuator/prometheus
2026-05-28 16:10:25 [http-nio-8081-exec-10] DEBUG o.s.s.w.a.AnonymousAuthenticationFilter - Set SecurityContextHolder to anonymous SecurityContext
2026-05-28 16:10:25 [http-nio-8081-exec-10] DEBUG o.s.security.web.FilterChainProxy - Secured GET /actuator/prometheus
2026-05-28 16:10:40 [http-nio-8081-exec-6] DEBUG o.s.security.web.FilterChainProxy - Securing GET /actuator/prometheus
2026-05-28 16:10:40 [http-nio-8081-exec-6] DEBUG o.s.s.w.a.AnonymousAuthenticationFilter - Set SecurityContextHolder to anonymous SecurityContext
2026-05-28 16:10:40 [http-nio-8081-exec-6] DEBUG o.s.security.web.FilterChainProxy - Secured GET /actuator/prometheus
2026-05-28 16:10:55 [http-nio-8081-exec-4] DEBUG o.s.security.web.FilterChainProxy - Securing GET /actuator/prometheus
2026-05-28 16:10:55 [http-nio-8081-exec-4] DEBUG o.s.s.w.a.AnonymousAuthenticationFilter - Set SecurityContextHolder to anonymous SecurityContext
2026-05-28 16:10:55 [http-nio-8081-exec-4] DEBUG o.s.security.web.FilterChainProxy - Secured GET /actuator/prometheus
2026-05-28 16:11:10 [http-nio-8081-exec-7] DEBUG o.s.security.web.FilterChainProxy - Securing GET /actuator/prometheus
2026-05-28 16:11:10 [http-nio-8081-exec-7] DEBUG o.s.s.w.a.AnonymousAuthenticationFilter - Set SecurityContextHolder to anonymous SecurityContext
2026-05-28 16:11:10 [http-nio-8081-exec-7] DEBUG o.s.security.web.FilterChainProxy - Secured GET /actuator/prometheus
2026-05-28 16:11:25 [http-nio-8081-exec-5] DEBUG o.s.security.web.FilterChainProxy - Securing GET /actuator/prometheus
2026-05-28 16:11:25 [http-nio-8081-exec-5] DEBUG o.s.s.w.a.AnonymousAuthenticationFilter - Set SecurityContextHolder to anonymous SecurityContext
2026-05-28 16:11:25 [http-nio-8081-exec-5] DEBUG o.s.security.web.FilterChainProxy - Secured GET /actuator/prometheus
2026-05-28 16:11:40 [http-nio-8081-exec-2] DEBUG o.s.security.web.FilterChainProxy - Securing GET /actuator/prometheus
2026-05-28 16:11:40 [http-nio-8081-exec-2] DEBUG o.s.s.w.a.AnonymousAuthenticationFilter - Set SecurityContextHolder to anonymous SecurityContext
2026-05-28 16:11:40 [http-nio-8081-exec-2] DEBUG o.s.security.web.FilterChainProxy - Secured GET /actuator/prometheus
2026-05-28 16:11:55 [http-nio-8081-exec-3] DEBUG o.s.security.web.FilterChainProxy - Securing GET /actuator/prometheus
2026-05-28 16:11:55 [http-nio-8081-exec-3] DEBUG o.s.s.w.a.AnonymousAuthenticationFilter - Set SecurityContextHolder to anonymous SecurityContext
2026-05-28 16:11:55 [http-nio-8081-exec-3] DEBUG o.s.security.web.FilterChainProxy - Secured GET /actuator/prometheus
2026-05-28 16:12:10 [http-nio-8081-exec-9] DEBUG o.s.security.web.FilterChainProxy - Securing GET /actuator/prometheus
2026-05-28 16:12:10 [http-nio-8081-exec-9] DEBUG o.s.s.w.a.AnonymousAuthenticationFilter - Set SecurityContextHolder to anonymous SecurityContext
2026-05-28 16:12:10 [http-nio-8081-exec-9] DEBUG o.s.security.web.FilterChainProxy - Secured GET /actuator/prometheus
2026-05-28 16:12:25 [http-nio-8081-exec-8] DEBUG o.s.security.web.FilterChainProxy - Securing GET /actuator/prometheus
2026-05-28 16:12:25 [http-nio-8081-exec-8] DEBUG o.s.s.w.a.AnonymousAuthenticationFilter - Set SecurityContextHolder to anonymous SecurityContext
2026-05-28 16:12:25 [http-nio-8081-exec-8] DEBUG o.s.security.web.FilterChainProxy - Secured GET /actuator/prometheus
2026-05-28 16:12:40 [http-nio-8081-exec-1] DEBUG o.s.security.web.FilterChainProxy - Securing GET /actuator/prometheus
2026-05-28 16:12:40 [http-nio-8081-exec-1] DEBUG o.s.s.w.a.AnonymousAuthenticationFilter - Set SecurityContextHolder to anonymous SecurityContext
2026-05-28 16:12:40 [http-nio-8081-exec-1] DEBUG o.s.security.web.FilterChainProxy - Secured GET /actuator/prometheus
2026-05-28 16:12:55 [http-nio-8081-exec-10] DEBUG o.s.security.web.FilterChainProxy - Securing GET /actuator/prometheus
2026-05-28 16:12:55 [http-nio-8081-exec-10] DEBUG o.s.s.w.a.AnonymousAuthenticationFilter - Set SecurityContextHolder to anonymous SecurityContext
2026-05-28 16:12:55 [http-nio-8081-exec-10] DEBUG o.s.security.web.FilterChainProxy - Secured GET /actuator/prometheus
2026-05-28 16:13:10 [http-nio-8081-exec-6] DEBUG o.s.security.web.FilterChainProxy - Securing GET /actuator/prometheus
2026-05-28 16:13:10 [http-nio-8081-exec-6] DEBUG o.s.s.w.a.AnonymousAuthenticationFilter - Set SecurityContextHolder to anonymous SecurityContext
2026-05-28 16:13:10 [http-nio-8081-exec-6] DEBUG o.s.security.web.FilterChainProxy - Secured GET /actuator/prometheus
2026-05-28 16:13:25 [http-nio-8081-exec-4] DEBUG o.s.security.web.FilterChainProxy - Securing GET /actuator/prometheus
2026-05-28 16:13:25 [http-nio-8081-exec-4] DEBUG o.s.s.w.a.AnonymousAuthenticationFilter - Set SecurityContextHolder to anonymous SecurityContext
2026-05-28 16:13:25 [http-nio-8081-exec-4] DEBUG o.s.security.web.FilterChainProxy - Secured GET /actuator/prometheus
2026-05-28 16:13:40 [http-nio-8081-exec-7] DEBUG o.s.security.web.FilterChainProxy - Securing GET /actuator/prometheus
2026-05-28 16:13:40 [http-nio-8081-exec-7] DEBUG o.s.s.w.a.AnonymousAuthenticationFilter - Set SecurityContextHolder to anonymous SecurityContext
2026-05-28 16:13:40 [http-nio-8081-exec-7] DEBUG o.s.security.web.FilterChainProxy - Secured GET /actuator/prometheus
2026-05-28 16:13:55 [http-nio-8081-exec-5] DEBUG o.s.security.web.FilterChainProxy - Securing GET /actuator/prometheus
2026-05-28 16:13:55 [http-nio-8081-exec-5] DEBUG o.s.s.w.a.AnonymousAuthenticationFilter - Set SecurityContextHolder to anonymous SecurityContext
2026-05-28 16:13:55 [http-nio-8081-exec-5] DEBUG o.s.security.web.FilterChainProxy - Secured GET /actuator/prometheus
2026-05-28 16:14:10 [http-nio-8081-exec-2] DEBUG o.s.security.web.FilterChainProxy - Securing GET /actuator/prometheus
2026-05-28 16:14:10 [http-nio-8081-exec-2] DEBUG o.s.s.w.a.AnonymousAuthenticationFilter - Set SecurityContextHolder to anonymous SecurityContext
2026-05-28 16:14:10 [http-nio-8081-exec-2] DEBUG o.s.security.web.FilterChainProxy - Secured GET /actuator/prometheus
2026-05-28 16:14:25 [http-nio-8081-exec-3] DEBUG o.s.security.web.FilterChainProxy - Securing GET /actuator/prometheus
2026-05-28 16:14:25 [http-nio-8081-exec-3] DEBUG o.s.s.w.a.AnonymousAuthenticationFilter - Set SecurityContextHolder to anonymous SecurityContext
2026-05-28 16:14:25 [http-nio-8081-exec-3] DEBUG o.s.security.web.FilterChainProxy - Secured GET /actuator/prometheus
2026-05-28 16:14:40 [http-nio-8081-exec-9] DEBUG o.s.security.web.FilterChainProxy - Securing GET /actuator/prometheus
2026-05-28 16:14:40 [http-nio-8081-exec-9] DEBUG o.s.s.w.a.AnonymousAuthenticationFilter - Set SecurityContextHolder to anonymous SecurityContext
2026-05-28 16:14:40 [http-nio-8081-exec-9] DEBUG o.s.security.web.FilterChainProxy - Secured GET /actuator/prometheus
2026-05-28 16:14:55 [http-nio-8081-exec-8] DEBUG o.s.security.web.FilterChainProxy - Securing GET /actuator/prometheus
2026-05-28 16:14:55 [http-nio-8081-exec-8] DEBUG o.s.s.w.a.AnonymousAuthenticationFilter - Set SecurityContextHolder to anonymous SecurityContext
2026-05-28 16:14:55 [http-nio-8081-exec-8] DEBUG o.s.security.web.FilterChainProxy - Secured GET /actuator/prometheus
2026-05-28 16:15:10 [http-nio-8081-exec-1] DEBUG o.s.security.web.FilterChainProxy - Securing GET /actuator/prometheus
2026-05-28 16:15:10 [http-nio-8081-exec-1] DEBUG o.s.s.w.a.AnonymousAuthenticationFilter - Set SecurityContextHolder to anonymous SecurityContext
2026-05-28 16:15:10 [http-nio-8081-exec-1] DEBUG o.s.security.web.FilterChainProxy - Secured GET /actuator/prometheus
2026-05-28 16:15:25 [http-nio-8081-exec-10] DEBUG o.s.security.web.FilterChainProxy - Securing GET /actuator/prometheus
2026-05-28 16:15:25 [http-nio-8081-exec-10] DEBUG o.s.s.w.a.AnonymousAuthenticationFilter - Set SecurityContextHolder to anonymous SecurityContext
2026-05-28 16:15:25 [http-nio-8081-exec-10] DEBUG o.s.security.web.FilterChainProxy - Secured GET /actuator/prometheus
2026-05-28 16:15:40 [http-nio-8081-exec-6] DEBUG o.s.security.web.FilterChainProxy - Securing GET /actuator/prometheus
2026-05-28 16:15:40 [http-nio-8081-exec-6] DEBUG o.s.s.w.a.AnonymousAuthenticationFilter - Set SecurityContextHolder to anonymous SecurityContext
2026-05-28 16:15:40 [http-nio-8081-exec-6] DEBUG o.s.security.web.FilterChainProxy - Secured GET /actuator/prometheus
2026-05-28 16:15:55 [http-nio-8081-exec-4] DEBUG o.s.security.web.FilterChainProxy - Securing GET /actuator/prometheus
2026-05-28 16:15:55 [http-nio-8081-exec-4] DEBUG o.s.s.w.a.AnonymousAuthenticationFilter - Set SecurityContextHolder to anonymous SecurityContext
2026-05-28 16:15:55 [http-nio-8081-exec-4] DEBUG o.s.security.web.FilterChainProxy - Secured GET /actuator/prometheus
2026-05-28 16:16:10 [http-nio-8081-exec-7] DEBUG o.s.security.web.FilterChainProxy - Securing GET /actuator/prometheus
2026-05-28 16:16:10 [http-nio-8081-exec-7] DEBUG o.s.s.w.a.AnonymousAuthenticationFilter - Set SecurityContextHolder to anonymous SecurityContext
2026-05-28 16:16:10 [http-nio-8081-exec-7] DEBUG o.s.security.web.FilterChainProxy - Secured GET /actuator/prometheus
2026-05-28 16:16:25 [http-nio-8081-exec-5] DEBUG o.s.security.web.FilterChainProxy - Securing GET /actuator/prometheus
2026-05-28 16:16:25 [http-nio-8081-exec-5] DEBUG o.s.s.w.a.AnonymousAuthenticationFilter - Set SecurityContextHolder to anonymous SecurityContext
2026-05-28 16:16:25 [http-nio-8081-exec-5] DEBUG o.s.security.web.FilterChainProxy - Secured GET /actuator/prometheus
2026-05-28 16:16:40 [http-nio-8081-exec-2] DEBUG o.s.security.web.FilterChainProxy - Securing GET /actuator/prometheus
2026-05-28 16:16:40 [http-nio-8081-exec-2] DEBUG o.s.s.w.a.AnonymousAuthenticationFilter - Set SecurityContextHolder to anonymous SecurityContext
2026-05-28 16:16:40 [http-nio-8081-exec-2] DEBUG o.s.security.web.FilterChainProxy - Secured GET /actuator/prometheus
2026-05-28 16:16:55 [http-nio-8081-exec-3] DEBUG o.s.security.web.FilterChainProxy - Securing GET /actuator/prometheus
2026-05-28 16:16:55 [http-nio-8081-exec-3] DEBUG o.s.s.w.a.AnonymousAuthenticationFilter - Set SecurityContextHolder to anonymous SecurityContext
2026-05-28 16:16:55 [http-nio-8081-exec-3] DEBUG o.s.security.web.FilterChainProxy - Secured GET /actuator/prometheus
2026-05-28 16:17:10 [http-nio-8081-exec-9] DEBUG o.s.security.web.FilterChainProxy - Securing GET /actuator/prometheus
2026-05-28 16:17:10 [http-nio-8081-exec-9] DEBUG o.s.s.w.a.AnonymousAuthenticationFilter - Set SecurityContextHolder to anonymous SecurityContext
2026-05-28 16:17:10 [http-nio-8081-exec-9] DEBUG o.s.security.web.FilterChainProxy - Secured GET /actuator/prometheus
2026-05-28 16:17:25 [http-nio-8081-exec-8] DEBUG o.s.security.web.FilterChainProxy - Securing GET /actuator/prometheus
2026-05-28 16:17:25 [http-nio-8081-exec-8] DEBUG o.s.s.w.a.AnonymousAuthenticationFilter - Set SecurityContextHolder to anonymous SecurityContext
2026-05-28 16:17:25 [http-nio-8081-exec-8] DEBUG o.s.security.web.FilterChainProxy - Secured GET /actuator/prometheus
2026-05-28 16:17:40 [http-nio-8081-exec-1] DEBUG o.s.security.web.FilterChainProxy - Securing GET /actuator/prometheus
2026-05-28 16:17:40 [http-nio-8081-exec-1] DEBUG o.s.s.w.a.AnonymousAuthenticationFilter - Set SecurityContextHolder to anonymous SecurityContext
2026-05-28 16:17:40 [http-nio-8081-exec-1] DEBUG o.s.security.web.FilterChainProxy - Secured GET /actuator/prometheus
2026-05-28 16:17:55 [http-nio-8081-exec-10] DEBUG o.s.security.web.FilterChainProxy - Securing GET /actuator/prometheus
2026-05-28 16:17:55 [http-nio-8081-exec-10] DEBUG o.s.s.w.a.AnonymousAuthenticationFilter - Set SecurityContextHolder to anonymous SecurityContext
2026-05-28 16:17:55 [http-nio-8081-exec-10] DEBUG o.s.security.web.FilterChainProxy - Secured GET /actuator/prometheus
2026-05-28 16:18:10 [http-nio-8081-exec-6] DEBUG o.s.security.web.FilterChainProxy - Securing GET /actuator/prometheus
2026-05-28 16:18:10 [http-nio-8081-exec-6] DEBUG o.s.s.w.a.AnonymousAuthenticationFilter - Set SecurityContextHolder to anonymous SecurityContext
2026-05-28 16:18:10 [http-nio-8081-exec-6] DEBUG o.s.security.web.FilterChainProxy - Secured GET /actuator/prometheus
2026-05-28 16:18:25 [http-nio-8081-exec-4] DEBUG o.s.security.web.FilterChainProxy - Securing GET /actuator/prometheus
2026-05-28 16:18:25 [http-nio-8081-exec-4] DEBUG o.s.s.w.a.AnonymousAuthenticationFilter - Set SecurityContextHolder to anonymous SecurityContext
2026-05-28 16:18:25 [http-nio-8081-exec-4] DEBUG o.s.security.web.FilterChainProxy - Secured GET /actuator/prometheus
2026-05-28 16:18:40 [http-nio-8081-exec-7] DEBUG o.s.security.web.FilterChainProxy - Securing GET /actuator/prometheus
2026-05-28 16:18:40 [http-nio-8081-exec-7] DEBUG o.s.s.w.a.AnonymousAuthenticationFilter - Set SecurityContextHolder to anonymous SecurityContext
2026-05-28 16:18:40 [http-nio-8081-exec-7] DEBUG o.s.security.web.FilterChainProxy - Secured GET /actuator/prometheus
2026-05-28 16:18:55 [http-nio-8081-exec-5] DEBUG o.s.security.web.FilterChainProxy - Securing GET /actuator/prometheus
2026-05-28 16:18:55 [http-nio-8081-exec-5] DEBUG o.s.s.w.a.AnonymousAuthenticationFilter - Set SecurityContextHolder to anonymous SecurityContext
2026-05-28 16:18:55 [http-nio-8081-exec-5] DEBUG o.s.security.web.FilterChainProxy - Secured GET /actuator/prometheus
2026-05-28 16:19:10 [http-nio-8081-exec-2] DEBUG o.s.security.web.FilterChainProxy - Securing GET /actuator/prometheus
2026-05-28 16:19:10 [http-nio-8081-exec-2] DEBUG o.s.s.w.a.AnonymousAuthenticationFilter - Set SecurityContextHolder to anonymous SecurityContext
2026-05-28 16:19:10 [http-nio-8081-exec-2] DEBUG o.s.security.web.FilterChainProxy - Secured GET /actuator/prometheus
2026-05-28 16:19:25 [http-nio-8081-exec-3] DEBUG o.s.security.web.FilterChainProxy - Securing GET /actuator/prometheus
2026-05-28 16:19:25 [http-nio-8081-exec-3] DEBUG o.s.s.w.a.AnonymousAuthenticationFilter - Set SecurityContextHolder to anonymous SecurityContext
2026-05-28 16:19:25 [http-nio-8081-exec-3] DEBUG o.s.security.web.FilterChainProxy - Secured GET /actuator/prometheus
2026-05-28 16:19:40 [http-nio-8081-exec-9] DEBUG o.s.security.web.FilterChainProxy - Securing GET /actuator/prometheus
2026-05-28 16:19:40 [http-nio-8081-exec-9] DEBUG o.s.s.w.a.AnonymousAuthenticationFilter - Set SecurityContextHolder to anonymous SecurityContext
2026-05-28 16:19:40 [http-nio-8081-exec-9] DEBUG o.s.security.web.FilterChainProxy - Secured GET /actuator/prometheus
2026-05-28 16:19:55 [http-nio-8081-exec-8] DEBUG o.s.security.web.FilterChainProxy - Securing GET /actuator/prometheus
2026-05-28 16:19:55 [http-nio-8081-exec-8] DEBUG o.s.s.w.a.AnonymousAuthenticationFilter - Set SecurityContextHolder to anonymous SecurityContext
2026-05-28 16:19:55 [http-nio-8081-exec-8] DEBUG o.s.security.web.FilterChainProxy - Secured GET /actuator/prometheus
2026-05-28 16:20:10 [http-nio-8081-exec-1] DEBUG o.s.security.web.FilterChainProxy - Securing GET /actuator/prometheus
2026-05-28 16:20:10 [http-nio-8081-exec-1] DEBUG o.s.s.w.a.AnonymousAuthenticationFilter - Set SecurityContextHolder to anonymous SecurityContext
2026-05-28 16:20:10 [http-nio-8081-exec-1] DEBUG o.s.security.web.FilterChainProxy - Secured GET /actuator/prometheus
2026-05-28 16:20:25 [http-nio-8081-exec-10] DEBUG o.s.security.web.FilterChainProxy - Securing GET /actuator/prometheus
2026-05-28 16:20:25 [http-nio-8081-exec-10] DEBUG o.s.s.w.a.AnonymousAuthenticationFilter - Set SecurityContextHolder to anonymous SecurityContext
2026-05-28 16:20:25 [http-nio-8081-exec-10] DEBUG o.s.security.web.FilterChainProxy - Secured GET /actuator/prometheus
2026-05-28 16:20:40 [http-nio-8081-exec-6] DEBUG o.s.security.web.FilterChainProxy - Securing GET /actuator/prometheus
2026-05-28 16:20:40 [http-nio-8081-exec-6] DEBUG o.s.s.w.a.AnonymousAuthenticationFilter - Set SecurityContextHolder to anonymous SecurityContext
2026-05-28 16:20:40 [http-nio-8081-exec-6] DEBUG o.s.security.web.FilterChainProxy - Secured GET /actuator/prometheus
2026-05-28 16:20:55 [http-nio-8081-exec-4] DEBUG o.s.security.web.FilterChainProxy - Securing GET /actuator/prometheus
2026-05-28 16:20:55 [http-nio-8081-exec-4] DEBUG o.s.s.w.a.AnonymousAuthenticationFilter - Set SecurityContextHolder to anonymous SecurityContext
2026-05-28 16:20:55 [http-nio-8081-exec-4] DEBUG o.s.security.web.FilterChainProxy - Secured GET /actuator/prometheus
2026-05-28 16:21:10 [http-nio-8081-exec-7] DEBUG o.s.security.web.FilterChainProxy - Securing GET /actuator/prometheus
2026-05-28 16:21:10 [http-nio-8081-exec-7] DEBUG o.s.s.w.a.AnonymousAuthenticationFilter - Set SecurityContextHolder to anonymous SecurityContext
2026-05-28 16:21:10 [http-nio-8081-exec-7] DEBUG o.s.security.web.FilterChainProxy - Secured GET /actuator/prometheus
2026-05-28 16:21:25 [http-nio-8081-exec-5] DEBUG o.s.security.web.FilterChainProxy - Securing GET /actuator/prometheus
2026-05-28 16:21:25 [http-nio-8081-exec-5] DEBUG o.s.s.w.a.AnonymousAuthenticationFilter - Set SecurityContextHolder to anonymous SecurityContext
2026-05-28 16:21:25 [http-nio-8081-exec-5] DEBUG o.s.security.web.FilterChainProxy - Secured GET /actuator/prometheus
2026-05-28 16:21:40 [http-nio-8081-exec-2] DEBUG o.s.security.web.FilterChainProxy - Securing GET /actuator/prometheus
2026-05-28 16:21:40 [http-nio-8081-exec-2] DEBUG o.s.s.w.a.AnonymousAuthenticationFilter - Set SecurityContextHolder to anonymous SecurityContext
2026-05-28 16:21:40 [http-nio-8081-exec-2] DEBUG o.s.security.web.FilterChainProxy - Secured GET /actuator/prometheus
2026-05-28 16:21:55 [http-nio-8081-exec-3] DEBUG o.s.security.web.FilterChainProxy - Securing GET /actuator/prometheus
2026-05-28 16:21:55 [http-nio-8081-exec-3] DEBUG o.s.s.w.a.AnonymousAuthenticationFilter - Set SecurityContextHolder to anonymous SecurityContext
2026-05-28 16:21:55 [http-nio-8081-exec-3] DEBUG o.s.security.web.FilterChainProxy - Secured GET /actuator/prometheus
2026-05-28 16:22:10 [http-nio-8081-exec-9] DEBUG o.s.security.web.FilterChainProxy - Securing GET /actuator/prometheus
2026-05-28 16:22:10 [http-nio-8081-exec-9] DEBUG o.s.s.w.a.AnonymousAuthenticationFilter - Set SecurityContextHolder to anonymous SecurityContext
2026-05-28 16:22:10 [http-nio-8081-exec-9] DEBUG o.s.security.web.FilterChainProxy - Secured GET /actuator/prometheus
2026-05-28 16:22:25 [http-nio-8081-exec-8] DEBUG o.s.security.web.FilterChainProxy - Securing GET /actuator/prometheus
2026-05-28 16:22:25 [http-nio-8081-exec-8] DEBUG o.s.s.w.a.AnonymousAuthenticationFilter - Set SecurityContextHolder to anonymous SecurityContext
2026-05-28 16:22:25 [http-nio-8081-exec-8] DEBUG o.s.security.web.FilterChainProxy - Secured GET /actuator/prometheus
2026-05-28 16:22:40 [http-nio-8081-exec-1] DEBUG o.s.security.web.FilterChainProxy - Securing GET /actuator/prometheus
2026-05-28 16:22:40 [http-nio-8081-exec-1] DEBUG o.s.s.w.a.AnonymousAuthenticationFilter - Set SecurityContextHolder to anonymous SecurityContext
2026-05-28 16:22:40 [http-nio-8081-exec-1] DEBUG o.s.security.web.FilterChainProxy - Secured GET /actuator/prometheus
2026-05-28 16:22:55 [http-nio-8081-exec-10] DEBUG o.s.security.web.FilterChainProxy - Securing GET /actuator/prometheus
2026-05-28 16:22:55 [http-nio-8081-exec-10] DEBUG o.s.s.w.a.AnonymousAuthenticationFilter - Set SecurityContextHolder to anonymous SecurityContext
2026-05-28 16:22:55 [http-nio-8081-exec-10] DEBUG o.s.security.web.FilterChainProxy - Secured GET /actuator/prometheus
2026-05-28 16:23:10 [http-nio-8081-exec-6] DEBUG o.s.security.web.FilterChainProxy - Securing GET /actuator/prometheus
2026-05-28 16:23:10 [http-nio-8081-exec-6] DEBUG o.s.s.w.a.AnonymousAuthenticationFilter - Set SecurityContextHolder to anonymous SecurityContext
2026-05-28 16:23:10 [http-nio-8081-exec-6] DEBUG o.s.security.web.FilterChainProxy - Secured GET /actuator/prometheus
2026-05-28 16:23:25 [http-nio-8081-exec-4] DEBUG o.s.security.web.FilterChainProxy - Securing GET /actuator/prometheus
2026-05-28 16:23:25 [http-nio-8081-exec-4] DEBUG o.s.s.w.a.AnonymousAuthenticationFilter - Set SecurityContextHolder to anonymous SecurityContext
2026-05-28 16:23:25 [http-nio-8081-exec-4] DEBUG o.s.security.web.FilterChainProxy - Secured GET /actuator/prometheus
2026-05-28 16:23:40 [http-nio-8081-exec-7] DEBUG o.s.security.web.FilterChainProxy - Securing GET /actuator/prometheus
2026-05-28 16:23:40 [http-nio-8081-exec-7] DEBUG o.s.s.w.a.AnonymousAuthenticationFilter - Set SecurityContextHolder to anonymous SecurityContext
2026-05-28 16:23:40 [http-nio-8081-exec-7] DEBUG o.s.security.web.FilterChainProxy - Secured GET /actuator/prometheus
2026-05-28 16:23:55 [http-nio-8081-exec-5] DEBUG o.s.security.web.FilterChainProxy - Securing GET /actuator/prometheus
2026-05-28 16:23:55 [http-nio-8081-exec-5] DEBUG o.s.s.w.a.AnonymousAuthenticationFilter - Set SecurityContextHolder to anonymous SecurityContext
2026-05-28 16:23:55 [http-nio-8081-exec-5] DEBUG o.s.security.web.FilterChainProxy - Secured GET /actuator/prometheus
2026-05-28 16:24:10 [http-nio-8081-exec-2] DEBUG o.s.security.web.FilterChainProxy - Securing GET /actuator/prometheus
2026-05-28 16:24:10 [http-nio-8081-exec-2] DEBUG o.s.s.w.a.AnonymousAuthenticationFilter - Set SecurityContextHolder to anonymous SecurityContext
2026-05-28 16:24:10 [http-nio-8081-exec-2] DEBUG o.s.security.web.FilterChainProxy - Secured GET /actuator/prometheus
2026-05-28 16:24:25 [http-nio-8081-exec-3] DEBUG o.s.security.web.FilterChainProxy - Securing GET /actuator/prometheus
2026-05-28 16:24:25 [http-nio-8081-exec-3] DEBUG o.s.s.w.a.AnonymousAuthenticationFilter - Set SecurityContextHolder to anonymous SecurityContext
2026-05-28 16:24:25 [http-nio-8081-exec-3] DEBUG o.s.security.web.FilterChainProxy - Secured GET /actuator/prometheus
2026-05-28 16:24:40 [http-nio-8081-exec-9] DEBUG o.s.security.web.FilterChainProxy - Securing GET /actuator/prometheus
2026-05-28 16:24:40 [http-nio-8081-exec-9] DEBUG o.s.s.w.a.AnonymousAuthenticationFilter - Set SecurityContextHolder to anonymous SecurityContext
2026-05-28 16:24:40 [http-nio-8081-exec-9] DEBUG o.s.security.web.FilterChainProxy - Secured GET /actuator/prometheus
2026-05-28 16:24:55 [http-nio-8081-exec-8] DEBUG o.s.security.web.FilterChainProxy - Securing GET /actuator/prometheus
2026-05-28 16:24:55 [http-nio-8081-exec-8] DEBUG o.s.s.w.a.AnonymousAuthenticationFilter - Set SecurityContextHolder to anonymous SecurityContext
2026-05-28 16:24:55 [http-nio-8081-exec-8] DEBUG o.s.security.web.FilterChainProxy - Secured GET /actuator/prometheus
2026-05-28 16:25:10 [http-nio-8081-exec-1] DEBUG o.s.security.web.FilterChainProxy - Securing GET /actuator/prometheus
2026-05-28 16:25:10 [http-nio-8081-exec-1] DEBUG o.s.s.w.a.AnonymousAuthenticationFilter - Set SecurityContextHolder to anonymous SecurityContext
2026-05-28 16:25:10 [http-nio-8081-exec-1] DEBUG o.s.security.web.FilterChainProxy - Secured GET /actuator/prometheus
2026-05-28 16:25:25 [http-nio-8081-exec-10] DEBUG o.s.security.web.FilterChainProxy - Securing GET /actuator/prometheus
2026-05-28 16:25:25 [http-nio-8081-exec-10] DEBUG o.s.s.w.a.AnonymousAuthenticationFilter - Set SecurityContextHolder to anonymous SecurityContext
2026-05-28 16:25:25 [http-nio-8081-exec-10] DEBUG o.s.security.web.FilterChainProxy - Secured GET /actuator/prometheus
2026-05-28 16:25:40 [http-nio-8081-exec-6] DEBUG o.s.security.web.FilterChainProxy - Securing GET /actuator/prometheus
2026-05-28 16:25:40 [http-nio-8081-exec-6] DEBUG o.s.s.w.a.AnonymousAuthenticationFilter - Set SecurityContextHolder to anonymous SecurityContext
2026-05-28 16:25:40 [http-nio-8081-exec-6] DEBUG o.s.security.web.FilterChainProxy - Secured GET /actuator/prometheus
2026-05-28 16:25:55 [http-nio-8081-exec-4] DEBUG o.s.security.web.FilterChainProxy - Securing GET /actuator/prometheus
2026-05-28 16:25:55 [http-nio-8081-exec-4] DEBUG o.s.s.w.a.AnonymousAuthenticationFilter - Set SecurityContextHolder to anonymous SecurityContext
2026-05-28 16:25:55 [http-nio-8081-exec-4] DEBUG o.s.security.web.FilterChainProxy - Secured GET /actuator/prometheus
2026-05-28 16:26:10 [http-nio-8081-exec-7] DEBUG o.s.security.web.FilterChainProxy - Securing GET /actuator/prometheus
2026-05-28 16:26:10 [http-nio-8081-exec-7] DEBUG o.s.s.w.a.AnonymousAuthenticationFilter - Set SecurityContextHolder to anonymous SecurityContext
2026-05-28 16:26:10 [http-nio-8081-exec-7] DEBUG o.s.security.web.FilterChainProxy - Secured GET /actuator/prometheus
2026-05-28 16:26:25 [http-nio-8081-exec-5] DEBUG o.s.security.web.FilterChainProxy - Securing GET /actuator/prometheus
2026-05-28 16:26:25 [http-nio-8081-exec-5] DEBUG o.s.s.w.a.AnonymousAuthenticationFilter - Set SecurityContextHolder to anonymous SecurityContext
2026-05-28 16:26:25 [http-nio-8081-exec-5] DEBUG o.s.security.web.FilterChainProxy - Secured GET /actuator/prometheus
2026-05-28 16:26:40 [http-nio-8081-exec-2] DEBUG o.s.security.web.FilterChainProxy - Securing GET /actuator/prometheus
2026-05-28 16:26:40 [http-nio-8081-exec-2] DEBUG o.s.s.w.a.AnonymousAuthenticationFilter - Set SecurityContextHolder to anonymous SecurityContext
2026-05-28 16:26:40 [http-nio-8081-exec-2] DEBUG o.s.security.web.FilterChainProxy - Secured GET /actuator/prometheus
2026-05-28 16:26:55 [http-nio-8081-exec-3] DEBUG o.s.security.web.FilterChainProxy - Securing GET /actuator/prometheus
2026-05-28 16:26:55 [http-nio-8081-exec-3] DEBUG o.s.s.w.a.AnonymousAuthenticationFilter - Set SecurityContextHolder to anonymous SecurityContext
2026-05-28 16:26:55 [http-nio-8081-exec-3] DEBUG o.s.security.web.FilterChainProxy - Secured GET /actuator/prometheus
2026-05-28 16:27:10 [http-nio-8081-exec-9] DEBUG o.s.security.web.FilterChainProxy - Securing GET /actuator/prometheus
2026-05-28 16:27:10 [http-nio-8081-exec-9] DEBUG o.s.s.w.a.AnonymousAuthenticationFilter - Set SecurityContextHolder to anonymous SecurityContext
2026-05-28 16:27:10 [http-nio-8081-exec-9] DEBUG o.s.security.web.FilterChainProxy - Secured GET /actuator/prometheus
2026-05-28 16:27:25 [http-nio-8081-exec-8] DEBUG o.s.security.web.FilterChainProxy - Securing GET /actuator/prometheus
2026-05-28 16:27:25 [http-nio-8081-exec-8] DEBUG o.s.s.w.a.AnonymousAuthenticationFilter - Set SecurityContextHolder to anonymous SecurityContext
2026-05-28 16:27:25 [http-nio-8081-exec-8] DEBUG o.s.security.web.FilterChainProxy - Secured GET /actuator/prometheus
2026-05-28 16:27:40 [http-nio-8081-exec-1] DEBUG o.s.security.web.FilterChainProxy - Securing GET /actuator/prometheus
2026-05-28 16:27:40 [http-nio-8081-exec-1] DEBUG o.s.s.w.a.AnonymousAuthenticationFilter - Set SecurityContextHolder to anonymous SecurityContext
2026-05-28 16:27:40 [http-nio-8081-exec-1] DEBUG o.s.security.web.FilterChainProxy - Secured GET /actuator/prometheus
2026-05-28 16:27:55 [http-nio-8081-exec-10] DEBUG o.s.security.web.FilterChainProxy - Securing GET /actuator/prometheus
2026-05-28 16:27:55 [http-nio-8081-exec-10] DEBUG o.s.s.w.a.AnonymousAuthenticationFilter - Set SecurityContextHolder to anonymous SecurityContext
2026-05-28 16:27:55 [http-nio-8081-exec-10] DEBUG o.s.security.web.FilterChainProxy - Secured GET /actuator/prometheus
2026-05-28 16:28:11 [http-nio-8081-exec-6] DEBUG o.s.security.web.FilterChainProxy - Securing GET /actuator/prometheus
2026-05-28 16:28:11 [http-nio-8081-exec-6] DEBUG o.s.s.w.a.AnonymousAuthenticationFilter - Set SecurityContextHolder to anonymous SecurityContext
2026-05-28 16:28:11 [http-nio-8081-exec-6] DEBUG o.s.security.web.FilterChainProxy - Secured GET /actuator/prometheus
2026-05-28 16:28:25 [http-nio-8081-exec-4] DEBUG o.s.security.web.FilterChainProxy - Securing GET /actuator/prometheus
2026-05-28 16:28:25 [http-nio-8081-exec-4] DEBUG o.s.s.w.a.AnonymousAuthenticationFilter - Set SecurityContextHolder to anonymous SecurityContext
2026-05-28 16:28:25 [http-nio-8081-exec-4] DEBUG o.s.security.web.FilterChainProxy - Secured GET /actuator/prometheus
2026-05-28 16:28:40 [http-nio-8081-exec-7] DEBUG o.s.security.web.FilterChainProxy - Securing GET /actuator/prometheus
2026-05-28 16:28:40 [http-nio-8081-exec-7] DEBUG o.s.s.w.a.AnonymousAuthenticationFilter - Set SecurityContextHolder to anonymous SecurityContext
2026-05-28 16:28:40 [http-nio-8081-exec-7] DEBUG o.s.security.web.FilterChainProxy - Secured GET /actuator/prometheus
2026-05-28 16:28:55 [http-nio-8081-exec-5] DEBUG o.s.security.web.FilterChainProxy - Securing GET /actuator/prometheus
2026-05-28 16:28:55 [http-nio-8081-exec-5] DEBUG o.s.s.w.a.AnonymousAuthenticationFilter - Set SecurityContextHolder to anonymous SecurityContext
2026-05-28 16:28:55 [http-nio-8081-exec-5] DEBUG o.s.security.web.FilterChainProxy - Secured GET /actuator/prometheus
2026-05-28 16:29:10 [http-nio-8081-exec-2] DEBUG o.s.security.web.FilterChainProxy - Securing GET /actuator/prometheus
2026-05-28 16:29:10 [http-nio-8081-exec-2] DEBUG o.s.s.w.a.AnonymousAuthenticationFilter - Set SecurityContextHolder to anonymous SecurityContext
2026-05-28 16:29:10 [http-nio-8081-exec-2] DEBUG o.s.security.web.FilterChainProxy - Secured GET /actuator/prometheus
2026-05-28 16:29:25 [http-nio-8081-exec-3] DEBUG o.s.security.web.FilterChainProxy - Securing GET /actuator/prometheus
2026-05-28 16:29:25 [http-nio-8081-exec-3] DEBUG o.s.s.w.a.AnonymousAuthenticationFilter - Set SecurityContextHolder to anonymous SecurityContext
2026-05-28 16:29:25 [http-nio-8081-exec-3] DEBUG o.s.security.web.FilterChainProxy - Secured GET /actuator/prometheus
2026-05-28 16:29:40 [http-nio-8081-exec-9] DEBUG o.s.security.web.FilterChainProxy - Securing GET /actuator/prometheus
2026-05-28 16:29:40 [http-nio-8081-exec-9] DEBUG o.s.s.w.a.AnonymousAuthenticationFilter - Set SecurityContextHolder to anonymous SecurityContext
2026-05-28 16:29:40 [http-nio-8081-exec-9] DEBUG o.s.security.web.FilterChainProxy - Secured GET /actuator/prometheus
2026-05-28 16:29:55 [http-nio-8081-exec-8] DEBUG o.s.security.web.FilterChainProxy - Securing GET /actuator/prometheus
2026-05-28 16:29:55 [http-nio-8081-exec-8] DEBUG o.s.s.w.a.AnonymousAuthenticationFilter - Set SecurityContextHolder to anonymous SecurityContext
2026-05-28 16:29:55 [http-nio-8081-exec-8] DEBUG o.s.security.web.FilterChainProxy - Secured GET /actuator/prometheus
2026-05-28 16:30:10 [http-nio-8081-exec-1] DEBUG o.s.security.web.FilterChainProxy - Securing GET /actuator/prometheus
2026-05-28 16:30:10 [http-nio-8081-exec-1] DEBUG o.s.s.w.a.AnonymousAuthenticationFilter - Set SecurityContextHolder to anonymous SecurityContext
2026-05-28 16:30:10 [http-nio-8081-exec-1] DEBUG o.s.security.web.FilterChainProxy - Secured GET /actuator/prometheus
2026-05-28 16:30:14 [RMI TCP Connection(34)-127.0.0.1] INFO  o.s.b.a.SpringApplicationAdminMXBeanRegistrar$SpringApplicationAdmin - Application shutdown requested.
2026-05-28 16:30:14 [RMI TCP Connection(34)-127.0.0.1] INFO  o.s.o.j.LocalContainerEntityManagerFactoryBean - Closing JPA EntityManagerFactory for persistence unit 'default'
2026-05-28 16:30:15 [RMI TCP Connection(34)-127.0.0.1] INFO  com.zaxxer.hikari.HikariDataSource - HikariPool-1 - Shutdown initiated...
2026-05-28 16:30:15 [RMI TCP Connection(34)-127.0.0.1] INFO  com.zaxxer.hikari.HikariDataSource - HikariPool-1 - Shutdown completed.
2026-05-28 16:30:15 [RMI TCP Connection(34)-127.0.0.1] INFO  o.a.catalina.core.StandardService - Stopping service [Tomcat]
2026-05-28 16:30:15 [RMI TCP Connection(34)-127.0.0.1] INFO  o.a.c.c.C.[Tomcat].[localhost].[/] - Destroying Spring FrameworkServlet 'dispatcherServlet'
